
30/1/2020, 12:48:00 PM - ERROR: Download of "https://rednoise.org/teaching/wdm/index.php?n=Profiles.Lucia",
	referenced from "https://rednoise.org/teaching/wdm/index.php?n=Profiles.Lucia?action=edit",
	failed with error code -1100 (File does not exist.)
30/1/2020, 12:48:00 PM - ERROR: Download of "https://rednoise.org/teaching/wdm/index.php?n=Profiles.Lucia?action=print",
	referenced from "https://rednoise.org/teaching/wdm/index.php?n=Profiles.Lucia?action=edit",
	failed with error code -1100 (File does not exist.)
30/1/2020, 12:48:00 PM - ERROR: Download of "https://rednoise.org/teaching/wdm/index.php?n=Profiles",
	referenced from "https://rednoise.org/teaching/wdm/index.php?n=Profiles.Lucia?action=edit",
	failed with error code -1100 (File does not exist.)
30/1/2020, 12:48:01 PM - ERROR: Download of "https://rednoise.org/teaching/wdm/index.php?n=Profiles.JackFlintermann?action=print",
	referenced from "https://rednoise.org/teaching/wdm/index.php?n=Profiles.JackFlintermann?action=edit",
	failed with error code -1100 (File does not exist.)
30/1/2020, 12:48:02 PM - ERROR: Download of "https://rednoise.org/teaching/wdm/index.php?n=Profiles.JackFlintermann",
	referenced from "https://rednoise.org/teaching/wdm/index.php?n=Profiles.JackFlintermann?action=edit",
	failed with error code -1100 (File does not exist.)
30/1/2020, 12:48:04 PM - ERROR: Download of "https://rednoise.org/teaching/wdm/index.php?n=Profiles.Dch?action=print",
	referenced from "https://rednoise.org/teaching/wdm/index.php?n=Profiles.Dch?action=edit",
	failed with error code -1100 (File does not exist.)
30/1/2020, 12:48:04 PM - ERROR: Download of "https://rednoise.org/teaching/wdm/index.php?n=Profiles.Dch",
	referenced from "https://rednoise.org/teaching/wdm/index.php?n=Profiles.Dch?action=edit",
	failed with error code -1100 (File does not exist.)
30/1/2020, 12:48:11 PM - ERROR: Download of "https://rednoise.org/teaching/wdm/index.php?n=Profiles.McCann?action=print",
	referenced from "https://rednoise.org/teaching/wdm/index.php?n=Profiles.McCann?action=edit",
	failed with error code -1100 (File does not exist.)
30/1/2020, 12:48:11 PM - ERROR: Download of "https://rednoise.org/teaching/wdm/index.php?n=Profiles.McCann",
	referenced from "https://rednoise.org/teaching/wdm/index.php?n=Profiles.McCann?action=edit",
	failed with error code -1100 (File does not exist.)
30/1/2020, 12:48:17 PM - ERROR: Download of "https://rednoise.org/teaching/wdm/index.php?n=Profiles.Dchowe",
	referenced from "https://rednoise.org/teaching/wdm/index.php?n=Profiles.Dchowe?action=edit",
	failed with error code -1100 (File does not exist.)
30/1/2020, 12:48:17 PM - ERROR: Download of "https://rednoise.org/teaching/wdm/index.php?n=Profiles.Dchowe?action=print",
	referenced from "https://rednoise.org/teaching/wdm/index.php?n=Profiles.Dchowe?action=edit",
	failed with error code -1100 (File does not exist.)
30/1/2020, 12:48:33 PM - ERROR: Download of "https://rednoise.org/teaching/wdm/index.php?n=Main.ArthurKoestler?action=print",
	referenced from "https://rednoise.org/teaching/wdm/index.php?n=Main.ArthurKoestler?action=edit",
	failed with error code -1100 (File does not exist.)
30/1/2020, 12:48:33 PM - ERROR: Download of "https://rednoise.org/teaching/wdm/index.php?n=Main.ArthurKoestler",
	referenced from "https://rednoise.org/teaching/wdm/index.php?n=Main.ArthurKoestler?action=edit",
	failed with error code -1100 (File does not exist.)
30/1/2020, 12:48:34 PM - ERROR: Download of "https://rednoise.org/teaching/wdm/index.php?n=Profiles.Seaman?action=print",
	referenced from "https://rednoise.org/teaching/wdm/index.php?n=Profiles.Seaman?action=edit",
	failed with error code -1100 (File does not exist.)
30/1/2020, 12:48:34 PM - ERROR: Download of "https://rednoise.org/teaching/wdm/index.php?n=Profiles.Seaman",
	referenced from "https://rednoise.org/teaching/wdm/index.php?n=Profiles.Seaman?action=edit",
	failed with error code -1100 (File does not exist.)
30/1/2020, 12:48:35 PM - ERROR: Download of "https://rednoise.org/teaching/wdm/index.php?n=Main.AssociationTypes",
	referenced from "https://rednoise.org/teaching/wdm/index.php?n=Main.AssociationTypes?action=edit",
	failed with error code -1100 (File does not exist.)
30/1/2020, 12:48:35 PM - ERROR: Download of "https://rednoise.org/teaching/wdm/index.php?n=Main.AssociationTypes?action=print",
	referenced from "https://rednoise.org/teaching/wdm/index.php?n=Main.AssociationTypes?action=edit",
	failed with error code -1100 (File does not exist.)
30/1/2020, 12:48:35 PM - ERROR: Download of "https://rednoise.org/teaching/wdm/index.php?n=Main.Nonsense?action=print",
	referenced from "https://rednoise.org/teaching/wdm/index.php?n=Main.Nonsense?action=edit",
	failed with error code -1100 (File does not exist.)
30/1/2020, 12:48:35 PM - ERROR: Download of "https://rednoise.org/teaching/wdm/index.php?n=Main.ObscureWordRelations",
	referenced from "https://rednoise.org/teaching/wdm/index.php?n=Main.ObscureWordRelations?action=edit",
	failed with error code -1100 (File does not exist.)
30/1/2020, 12:48:35 PM - ERROR: Download of "https://rednoise.org/teaching/wdm/index.php?n=Main.ObscureWordRelations?action=print",
	referenced from "https://rednoise.org/teaching/wdm/index.php?n=Main.ObscureWordRelations?action=edit",
	failed with error code -1100 (File does not exist.)
30/1/2020, 12:48:35 PM - ERROR: Download of "https://rednoise.org/teaching/wdm/index.php?n=Main.Nonsense",
	referenced from "https://rednoise.org/teaching/wdm/index.php?n=Main.Nonsense?action=edit",
	failed with error code -1100 (File does not exist.)
30/1/2020, 12:48:35 PM - ERROR: Download of "https://rednoise.org/teaching/wdm/index.php?n=Main.LinguisticDevices",
	referenced from "https://rednoise.org/teaching/wdm/index.php?n=Main.LinguisticDevices?action=edit",
	failed with error code -1100 (File does not exist.)
30/1/2020, 12:48:36 PM - ERROR: Download of "https://rednoise.org/teaching/wdm/index.php?n=Main.LinguisticDevices?action=print",
	referenced from "https://rednoise.org/teaching/wdm/index.php?n=Main.LinguisticDevices?action=edit",
	failed with error code -1100 (File does not exist.)
30/1/2020, 12:48:36 PM - ERROR: Download of "https://rednoise.org/teaching/wdm/index.php?n=Main.Onyms?action=print",
	referenced from "https://rednoise.org/teaching/wdm/index.php?n=Main.Onyms?action=edit",
	failed with error code -1100 (File does not exist.)
30/1/2020, 12:48:36 PM - ERROR: Download of "https://rednoise.org/teaching/wdm/index.php?n=Main.Onyms",
	referenced from "https://rednoise.org/teaching/wdm/index.php?n=Main.Onyms?action=edit",
	failed with error code -1100 (File does not exist.)
30/1/2020, 12:48:37 PM - ERROR: Download of "https://rednoise.org/teaching/wdm/index.php?n=Main.TransformationalCreativity",
	referenced from "https://rednoise.org/teaching/wdm/index.php?n=Main.TransformationalCreativity?action=edit",
	failed with error code -1100 (File does not exist.)
30/1/2020, 12:48:37 PM - ERROR: Download of "https://rednoise.org/teaching/wdm/index.php?n=Main.TransformationalCreativity?action=print",
	referenced from "https://rednoise.org/teaching/wdm/index.php?n=Main.TransformationalCreativity?action=edit",
	failed with error code -1100 (File does not exist.)
30/1/2020, 12:48:37 PM - ERROR: Download of "https://rednoise.org/teaching/wdm/index.php?n=Main.NewTerms?action=print",
	referenced from "https://rednoise.org/teaching/wdm/index.php?n=Main.NewTerms?action=edit",
	failed with error code -1100 (File does not exist.)
30/1/2020, 12:48:37 PM - ERROR: Download of "https://rednoise.org/teaching/wdm/index.php?n=Main.NewTerms",
	referenced from "https://rednoise.org/teaching/wdm/index.php?n=Main.NewTerms?action=edit",
	failed with error code -1100 (File does not exist.)
30/1/2020, 12:48:37 PM - ERROR: Download of "https://rednoise.org/teaching/wdm/index.php?n=Main.MargaretBowden?action=print",
	referenced from "https://rednoise.org/teaching/wdm/index.php?n=Main.MargaretBowden?action=edit",
	failed with error code -1100 (File does not exist.)
30/1/2020, 12:48:38 PM - ERROR: Download of "https://rednoise.org/teaching/wdm/index.php?n=Main.MargaretBowden",
	referenced from "https://rednoise.org/teaching/wdm/index.php?n=Main.MargaretBowden?action=edit",
	failed with error code -1100 (File does not exist.)
30/1/2020, 12:48:38 PM - ERROR: Download of "https://rednoise.org/teaching/wdm/index.php?n=Main.AoAQuotations",
	referenced from "https://rednoise.org/teaching/wdm/index.php?n=Main.AoAQuotations?action=edit",
	failed with error code -1100 (File does not exist.)
30/1/2020, 12:48:38 PM - ERROR: Download of "https://rednoise.org/teaching/wdm/index.php?n=Main.AoAQuotations?action=print",
	referenced from "https://rednoise.org/teaching/wdm/index.php?n=Main.AoAQuotations?action=edit",
	failed with error code -1100 (File does not exist.)
30/1/2020, 12:48:38 PM - ERROR: Download of "https://rednoise.org/teaching/wdm/index.php?n=Main.StructuralAlignment?action=print",
	referenced from "https://rednoise.org/teaching/wdm/index.php?n=Main.StructuralAlignment?action=edit",
	failed with error code -1100 (File does not exist.)
30/1/2020, 12:48:38 PM - ERROR: Download of "https://rednoise.org/teaching/wdm/index.php?n=Main.TheArchitectureOfAssociation?action=print",
	referenced from "https://rednoise.org/teaching/wdm/index.php?n=Main.TheArchitectureOfAssociation?action=edit",
	failed with error code -1100 (File does not exist.)
30/1/2020, 12:48:38 PM - ERROR: Download of "https://rednoise.org/teaching/wdm/index.php?n=Main.StructuralAlignment",
	referenced from "https://rednoise.org/teaching/wdm/index.php?n=Main.StructuralAlignment?action=edit",
	failed with error code -1100 (File does not exist.)
30/1/2020, 12:48:38 PM - ERROR: Download of "https://rednoise.org/teaching/wdm/index.php?n=Main.TheArchitectureOfAssociation",
	referenced from "https://rednoise.org/teaching/wdm/index.php?n=Main.TheArchitectureOfAssociation?action=edit",
	failed with error code -1100 (File does not exist.)
30/1/2020, 12:48:39 PM - ERROR: Download of "https://rednoise.org/teaching/wdm/index.php?n=Main.ExampleMetaphors?action=print",
	referenced from "https://rednoise.org/teaching/wdm/index.php?n=Main.ExampleMetaphors?action=edit",
	failed with error code -1100 (File does not exist.)
30/1/2020, 12:48:39 PM - ERROR: Download of "https://rednoise.org/teaching/wdm/index.php?n=Main.ExampleMetaphors",
	referenced from "https://rednoise.org/teaching/wdm/index.php?n=Main.ExampleMetaphors?action=edit",
	failed with error code -1100 (File does not exist.)
30/1/2020, 12:48:39 PM - ERROR: Download of "https://rednoise.org/teaching/wdm/index.php?n=Main.TheActOfCreation",
	referenced from "https://rednoise.org/teaching/wdm/index.php?n=Main.TheActOfCreation?action=edit",
	failed with error code -1100 (File does not exist.)
30/1/2020, 12:48:39 PM - ERROR: Download of "https://rednoise.org/teaching/wdm/index.php?n=Main.TheActOfCreation?action=print",
	referenced from "https://rednoise.org/teaching/wdm/index.php?n=Main.TheActOfCreation?action=edit",
	failed with error code -1100 (File does not exist.)
30/1/2020, 12:48:39 PM - ERROR: Download of "https://rednoise.org/teaching/wdm/index.php?n=Main.Quotations",
	referenced from "https://rednoise.org/teaching/wdm/index.php?n=Main.Quotations?action=edit",
	failed with error code -1100 (File does not exist.)
30/1/2020, 12:48:39 PM - ERROR: Download of "https://rednoise.org/teaching/wdm/index.php?n=Main.Quotations?action=print",
	referenced from "https://rednoise.org/teaching/wdm/index.php?n=Main.Quotations?action=edit",
	failed with error code -1100 (File does not exist.)
30/1/2020, 12:48:40 PM - ERROR: Download of "https://rednoise.org/teaching/wdm/index.php?n=Main.Bisociation?action=print",
	referenced from "https://rednoise.org/teaching/wdm/index.php?n=Main.Bisociation?action=edit",
	failed with error code -1100 (File does not exist.)
30/1/2020, 12:48:40 PM - ERROR: Download of "https://rednoise.org/teaching/wdm/uploads/Notes%20Toward%20a%20Reading%20of%20Jackson%20Mac%0ALow.0.html",
	referenced from "https://rednoise.org/teaching/wdm/uploads/Notes%20Toward%20a%20Reading%20of%20Jackson%20Mac%20Low.3.html",
	failed with error code -1100 (File does not exist.)
30/1/2020, 12:48:40 PM - ERROR: Download of "https://rednoise.org/teaching/wdm/uploads/tei_ach.css",
	referenced from "https://rednoise.org/teaching/wdm/uploads/Reading%20Potential-The%20Oulipo%20and%20the%20Meaning%20of%20Algorithms%20-%20Wolf.htm",
	failed with error code -1100 (File does not exist.)
30/1/2020, 12:48:40 PM - ERROR: Download of "https://rednoise.org/teaching/wdm/uploads/teiHeader.js",
	referenced from "https://rednoise.org/teaching/wdm/uploads/Reading%20Potential-The%20Oulipo%20and%20the%20Meaning%20of%20Algorithms%20-%20Wolf.htm",
	failed with error code -1100 (File does not exist.)
30/1/2020, 12:48:40 PM - ERROR: Download of "https://rednoise.org/teaching/wdm/index.php?n=Main.Bisociation",
	referenced from "https://rednoise.org/teaching/wdm/index.php?n=Main.Bisociation?action=edit",
	failed with error code -1100 (File does not exist.)
30/1/2020, 12:48:40 PM - ERROR: Download of "https://rednoise.org/teaching/wdm/uploads/LeWitt,%20paragraphs%20on%20conceptual%20art_files/filelist.xml",
	referenced from "https://rednoise.org/teaching/wdm/uploads/Paragraphs.Conceptual.Lewitt.html",
	failed with error code -1100 (File does not exist.)
30/1/2020, 12:48:40 PM - ERROR: Download of "https://rednoise.org/teaching/wdm/uploads/teiHeader.css",
	referenced from "https://rednoise.org/teaching/wdm/uploads/Reading%20Potential-The%20Oulipo%20and%20the%20Meaning%20of%20Algorithms%20-%20Wolf.htm",
	failed with error code -1100 (File does not exist.)
30/1/2020, 12:48:54 PM - ERROR: Download of "https://rednoise.org/teaching/wdm/uploads/biopoetry-kac_files",
	referenced from "https://rednoise.org/teaching/wdm/index.php?n=Site.UploadQuickReference",
	failed with error code -1102 (You do not have permission to access the requested resource.)
30/1/2020, 12:48:57 PM - ERROR: Download of "https://rednoise.org/teaching/wdm/uploads/EW2_Animation1",
	referenced from "https://rednoise.org/teaching/wdm/index.php?n=Site.UploadQuickReference",
	failed with error code -1102 (You do not have permission to access the requested resource.)
30/1/2020, 12:48:57 PM - ERROR: Download of "https://rednoise.org/teaching/wdm/uploads/EW1_Haiku3",
	referenced from "https://rednoise.org/teaching/wdm/index.php?n=Site.UploadQuickReference",
	failed with error code -1102 (You do not have permission to access the requested resource.)
30/1/2020, 12:48:57 PM - ERROR: Download of "https://rednoise.org/teaching/wdm/uploads/EW2_Animation2",
	referenced from "https://rednoise.org/teaching/wdm/index.php?n=Site.UploadQuickReference",
	failed with error code -1102 (You do not have permission to access the requested resource.)
30/1/2020, 12:48:57 PM - ERROR: Download of "https://rednoise.org/teaching/wdm/uploads/EW2_Animation3",
	referenced from "https://rednoise.org/teaching/wdm/index.php?n=Site.UploadQuickReference",
	failed with error code -1102 (You do not have permission to access the requested resource.)
30/1/2020, 12:48:57 PM - ERROR: Download of "https://rednoise.org/teaching/wdm/uploads/EW2_Animation4",
	referenced from "https://rednoise.org/teaching/wdm/index.php?n=Site.UploadQuickReference",
	failed with error code -1102 (You do not have permission to access the requested resource.)
30/1/2020, 12:48:57 PM - ERROR: Download of "https://rednoise.org/teaching/wdm/uploads/EW2_Animation6",
	referenced from "https://rednoise.org/teaching/wdm/index.php?n=Site.UploadQuickReference",
	failed with error code -1102 (You do not have permission to access the requested resource.)
30/1/2020, 12:48:57 PM - ERROR: Download of "https://rednoise.org/teaching/wdm/uploads/EW2_Animation7",
	referenced from "https://rednoise.org/teaching/wdm/index.php?n=Site.UploadQuickReference",
	failed with error code -1102 (You do not have permission to access the requested resource.)
30/1/2020, 12:48:57 PM - ERROR: Download of "https://rednoise.org/teaching/wdm/uploads/EW2_Animation8",
	referenced from "https://rednoise.org/teaching/wdm/index.php?n=Site.UploadQuickReference",
	failed with error code -1102 (You do not have permission to access the requested resource.)
30/1/2020, 12:48:58 PM - ERROR: Download of "https://rednoise.org/teaching/wdm/uploads/EW2_Animation5",
	referenced from "https://rednoise.org/teaching/wdm/index.php?n=Site.UploadQuickReference",
	failed with error code -1102 (You do not have permission to access the requested resource.)
30/1/2020, 12:49:00 PM - ERROR: Download of "https://rednoise.org/teaching/wdm/uploads/META-INF",
	referenced from "https://rednoise.org/teaching/wdm/index.php?n=Site.UploadQuickReference",
	failed with error code -1102 (You do not have permission to access the requested resource.)
30/1/2020, 12:49:01 PM - ERROR: Download of "https://rednoise.org/teaching/wdm/uploads/MyCharCounter",
	referenced from "https://rednoise.org/teaching/wdm/index.php?n=Site.UploadQuickReference",
	failed with error code -1102 (You do not have permission to access the requested resource.)
30/1/2020, 12:49:02 PM - ERROR: Download of "https://rednoise.org/teaching/wdm/uploads/Notes%20Toward%20a%20Reading%20of%20Jackson%20Mac%20Low.0_files",
	referenced from "https://rednoise.org/teaching/wdm/index.php?n=Site.UploadQuickReference",
	failed with error code -1102 (You do not have permission to access the requested resource.)
30/1/2020, 12:49:09 PM - ERROR: Download of "https://rednoise.org/teaching/wdm/uploads/save",
	referenced from "https://rednoise.org/teaching/wdm/index.php?n=Site.UploadQuickReference",
	failed with error code -1102 (You do not have permission to access the requested resource.)
30/1/2020, 12:49:11 PM - ERROR: Download of "https://rednoise.org/teaching/wdm/uploads/tmp",
	referenced from "https://rednoise.org/teaching/wdm/index.php?n=Site.UploadQuickReference",
	failed with error code -1102 (You do not have permission to access the requested resource.)
30/1/2020, 12:49:11 PM - ERROR: Download of "https://rednoise.org/teaching/wdm/uploads/__MACOSX",
	referenced from "https://rednoise.org/teaching/wdm/index.php?n=Site.UploadQuickReference",
	failed with error code -1102 (You do not have permission to access the requested resource.)
30/1/2020, 12:49:13 PM - ERROR: Download of "https://rednoise.org/teaching/wdm/index.php?n=Site.ThisReading?action=print",
	referenced from "https://rednoise.org/teaching/wdm/index.php?n=Site.ThisReading?action=edit",
	failed with error code -1100 (File does not exist.)
30/1/2020, 12:49:13 PM - ERROR: Download of "https://rednoise.org/teaching/wdm/index.php?n=Site.ThisReading",
	referenced from "https://rednoise.org/teaching/wdm/index.php?n=Site.ThisReading?action=edit",
	failed with error code -1100 (File does not exist.)
30/1/2020, 12:49:13 PM - ERROR: Download of "https://rednoise.org/teaching/wdm/index.php?n=Main.GalanterArticle?action=print",
	referenced from "https://rednoise.org/teaching/wdm/index.php?n=Main.GalanterArticle?action=edit",
	failed with error code -1100 (File does not exist.)
30/1/2020, 12:49:13 PM - ERROR: Download of "https://rednoise.org/teaching/wdm/index.php?n=Main.GalanterArticle",
	referenced from "https://rednoise.org/teaching/wdm/index.php?n=Main.GalanterArticle?action=edit",
	failed with error code -1100 (File does not exist.)
30/1/2020, 12:49:13 PM - ERROR: Download of "https://rednoise.org/teaching/wdm/index.php?n=Main.PUTYOULINKHERE?action=print",
	referenced from "https://rednoise.org/teaching/wdm/index.php?n=Main.PUTYOULINKHERE?action=edit",
	failed with error code -1100 (File does not exist.)
30/1/2020, 12:49:13 PM - ERROR: Download of "https://rednoise.org/teaching/wdm/index.php?n=Main.PUTYOULINKHERE",
	referenced from "https://rednoise.org/teaching/wdm/index.php?n=Main.PUTYOULINKHERE?action=edit",
	failed with error code -1100 (File does not exist.)
30/1/2020, 12:49:23 PM - ERROR: Download of "https://rednoise.org/teaching/wdm/index.php?n=Site.AttrForm?action=print",
	referenced from "https://rednoise.org/teaching/wdm/index.php?n=Site.AttrForm?action=edit",
	failed with error code -1100 (File does not exist.)
30/1/2020, 12:49:23 PM - ERROR: Download of "https://rednoise.org/teaching/wdm/index.php?n=Site.AttrForm",
	referenced from "https://rednoise.org/teaching/wdm/index.php?n=Site.AttrForm?action=edit",
	failed with error code -1100 (File does not exist.)
30/1/2020, 12:49:26 PM - ERROR: Download of "https://rednoise.org/teaching/wdm/index.php?n=Cookbook.CSVAction?action=print",
	referenced from "https://rednoise.org/teaching/wdm/index.php?n=Cookbook.CSVAction?action=edit",
	failed with error code -1100 (File does not exist.)
30/1/2020, 12:49:26 PM - ERROR: Download of "https://rednoise.org/teaching/wdm/index.php?n=Cookbook",
	referenced from "https://rednoise.org/teaching/wdm/index.php?n=Cookbook.CSVAction?action=edit",
	failed with error code -1100 (File does not exist.)
30/1/2020, 12:49:26 PM - ERROR: Download of "https://rednoise.org/teaching/wdm/index.php?n=Cookbook.CSVAction",
	referenced from "https://rednoise.org/teaching/wdm/index.php?n=Cookbook.CSVAction?action=edit",
	failed with error code -1100 (File does not exist.)
30/1/2020, 12:49:27 PM - ERROR: Download of "https://rednoise.org/teaching/wdm/index.php?n=Cookbook.Cookbook?action=print",
	referenced from "https://rednoise.org/teaching/wdm/index.php?n=Cookbook.Cookbook?action=edit",
	failed with error code -1100 (File does not exist.)
30/1/2020, 12:49:27 PM - ERROR: Download of "https://rednoise.org/teaching/wdm/index.php?n=Cookbook.Cookbook",
	referenced from "https://rednoise.org/teaching/wdm/index.php?n=Cookbook.Cookbook?action=edit",
	failed with error code -1100 (File does not exist.)
30/1/2020, 12:49:30 PM - ERROR: Download of "https://rednoise.org/teaching/wdm/index.php?n=PmWiki.GroupAttributes?action=print",
	referenced from "https://rednoise.org/teaching/wdm/index.php?n=PmWiki.GroupAttributes?action=edit",
	failed with error code -1100 (File does not exist.)
30/1/2020, 12:49:30 PM - ERROR: Download of "https://rednoise.org/teaching/wdm/index.php?n=PmWiki.SpecialPages?action=print",
	referenced from "https://rednoise.org/teaching/wdm/index.php?n=PmWiki.SpecialPages?action=edit",
	failed with error code -1100 (File does not exist.)
30/1/2020, 12:49:30 PM - ERROR: Download of "https://rednoise.org/teaching/wdm/index.php?n=PmWiki.GroupAttributes",
	referenced from "https://rednoise.org/teaching/wdm/index.php?n=PmWiki.GroupAttributes?action=edit",
	failed with error code -1100 (File does not exist.)
30/1/2020, 12:49:30 PM - ERROR: Download of "https://rednoise.org/teaching/wdm/index.php?n=PmWiki.SpecialPages",
	referenced from "https://rednoise.org/teaching/wdm/index.php?n=PmWiki.SpecialPages?action=edit",
	failed with error code -1100 (File does not exist.)
30/1/2020, 12:49:32 PM - ERROR: Download of "https://rednoise.org/teaching/wdm/index.php?n=PmWiki.NonexistentPages",
	referenced from "https://rednoise.org/teaching/wdm/index.php?n=PmWiki.NonexistentPages?action=edit",
	failed with error code -1100 (File does not exist.)
30/1/2020, 12:49:32 PM - ERROR: Download of "https://rednoise.org/teaching/wdm/index.php?n=PmWiki.NonexistentPages?action=print",
	referenced from "https://rednoise.org/teaching/wdm/index.php?n=PmWiki.NonexistentPages?action=edit",
	failed with error code -1100 (File does not exist.)
30/1/2020, 12:49:32 PM - ERROR: Download of "https://rednoise.org/teaching/wdm/uploads/LoadFileTest.pde",
	referenced from "https://rednoise.org/teaching/wdm/uploads/LoadFileTest",
	failed with error code -1100 (File does not exist.)
30/1/2020, 12:49:32 PM - ERROR: Download of "https://rednoise.org/teaching/wdm/uploads/index.html",
	referenced from "https://rednoise.org/teaching/wdm/uploads/Net%20Losses%20(FSPMs)%20-%20Hennessy.htm",
	failed with error code -1100 (File does not exist.)
30/1/2020, 12:49:33 PM - ERROR: Download of "https://rednoise.org/teaching/wdm/uploads/hennessy01.gif",
	referenced from "https://rednoise.org/teaching/wdm/uploads/Net%20Losses%20(FSPMs)%20-%20Hennessy.htm",
	failed with error code -1100 (File does not exist.)
30/1/2020, 12:49:33 PM - ERROR: Download of "https://rednoise.org/teaching/wdm/uploads/hennessy02.gif",
	referenced from "https://rednoise.org/teaching/wdm/uploads/Net%20Losses%20(FSPMs)%20-%20Hennessy.htm",
	failed with error code -1100 (File does not exist.)
30/1/2020, 12:49:33 PM - ERROR: Download of "https://rednoise.org/teaching/wdm/uploads/hennessy03.gif",
	referenced from "https://rednoise.org/teaching/wdm/uploads/Net%20Losses%20(FSPMs)%20-%20Hennessy.htm",
	failed with error code -1100 (File does not exist.)
30/1/2020, 12:49:33 PM - ERROR: Download of "https://rednoise.org/teaching/wdm/uploads/PGrammarExample1.pde",
	referenced from "https://rednoise.org/teaching/wdm/uploads/PGrammarExample1",
	failed with error code -1100 (File does not exist.)
30/1/2020, 12:49:33 PM - ERROR: Download of "https://rednoise.org/teaching/wdm/uploads/PHaikuExample.pde",
	referenced from "https://rednoise.org/teaching/wdm/uploads/PHaikuExample",
	failed with error code -1100 (File does not exist.)
30/1/2020, 12:49:33 PM - ERROR: Download of "https://rednoise.org/teaching/wdm/uploads/Plan_for_Spam_files/image001.gif",
	referenced from "https://rednoise.org/teaching/wdm/uploads/Plan_for_Spam.htm",
	failed with error code -1100 (File does not exist.)
30/1/2020, 12:49:33 PM - ERROR: Download of "https://rednoise.org/teaching/wdm/uploads/PMarkovExample.pde",
	referenced from "https://rednoise.org/teaching/wdm/uploads/PMarkovExample",
	failed with error code -1100 (File does not exist.)
30/1/2020, 12:49:33 PM - ERROR: Download of "https://rednoise.org/teaching/wdm/uploads/PSampleEss.pde",
	referenced from "https://rednoise.org/teaching/wdm/uploads/PSampleEss",
	failed with error code -1100 (File does not exist.)
30/1/2020, 12:49:33 PM - ERROR: Download of "https://rednoise.org/teaching/wdm/uploads/PSampleSonia.pde",
	referenced from "https://rednoise.org/teaching/wdm/uploads/PSampleSonia",
	failed with error code -1100 (File does not exist.)
30/1/2020, 12:49:33 PM - ERROR: Download of "https://rednoise.org/teaching/wdm/uploads/PTextAnimate2.pde",
	referenced from "https://rednoise.org/teaching/wdm/uploads/PTextAnimate2",
	failed with error code -1100 (File does not exist.)
30/1/2020, 12:49:33 PM - ERROR: Download of "https://rednoise.org/teaching/wdm/uploads/PTextWImage.pde",
	referenced from "https://rednoise.org/teaching/wdm/uploads/PTextWImage",
	failed with error code -1100 (File does not exist.)
30/1/2020, 12:49:33 PM - ERROR: Download of "https://rednoise.org/teaching/wdm/index.php?n=Site.LocalTemplates?action=print",
	referenced from "https://rednoise.org/teaching/wdm/index.php?n=Site.LocalTemplates?action=edit",
	failed with error code -1100 (File does not exist.)
30/1/2020, 12:49:33 PM - ERROR: Download of "https://rednoise.org/teaching/wdm/index.php?n=Site.LocalTemplates",
	referenced from "https://rednoise.org/teaching/wdm/index.php?n=Site.LocalTemplates?action=edit",
	failed with error code -1100 (File does not exist.)
30/1/2020, 12:49:34 PM - ERROR: Download of "https://rednoise.org/teaching/wdm/uploads/PTextAnimate1.pde",
	referenced from "https://rednoise.org/teaching/wdm/uploads/PTextAnimate1",
	failed with error code -1100 (File does not exist.)
30/1/2020, 12:49:35 PM - ERROR: Download of "https://rednoise.org/teaching/wdm/index.php?n=Site.FullName",
	referenced from "https://rednoise.org/teaching/wdm/index.php?n=Site.FullName?action=edit",
	failed with error code -1100 (File does not exist.)
30/1/2020, 12:49:35 PM - ERROR: Download of "https://rednoise.org/teaching/wdm/index.php?n=Site.FullName?action=print",
	referenced from "https://rednoise.org/teaching/wdm/index.php?n=Site.FullName?action=edit",
	failed with error code -1100 (File does not exist.)
30/1/2020, 12:49:37 PM - ERROR: Download of "https://rednoise.org/teaching/wdm/index.php?n=PmWiki.GroupName",
	referenced from "https://rednoise.org/teaching/wdm/index.php?n=PmWiki.GroupName?action=edit",
	failed with error code -1100 (File does not exist.)
30/1/2020, 12:49:37 PM - ERROR: Download of "https://rednoise.org/teaching/wdm/index.php?n=PmWiki.GroupName?action=print",
	referenced from "https://rednoise.org/teaching/wdm/index.php?n=PmWiki.GroupName?action=edit",
	failed with error code -1100 (File does not exist.)
30/1/2020, 12:49:42 PM - ERROR: Download of "https://rednoise.org/teaching/wdm/index.php?n=PmWiki.RecentChanges?action=print",
	referenced from "https://rednoise.org/teaching/wdm/index.php?n=PmWiki.RecentChanges?action=edit",
	failed with error code -1100 (File does not exist.)
30/1/2020, 12:49:42 PM - ERROR: Download of "https://rednoise.org/teaching/wdm/index.php?n=PmWiki.RecentChanges",
	referenced from "https://rednoise.org/teaching/wdm/index.php?n=PmWiki.RecentChanges?action=edit",
	failed with error code -1100 (File does not exist.)
30/1/2020, 12:49:44 PM - ERROR: Download of "https://rednoise.org/teaching/wdm/index.php?n=PmWiki.LinkSchemes?action=print",
	referenced from "https://rednoise.org/teaching/wdm/index.php?n=PmWiki.LinkSchemes?action=edit",
	failed with error code -1100 (File does not exist.)
30/1/2020, 12:49:44 PM - ERROR: Download of "https://rednoise.org/teaching/wdm/index.php?n=PmWiki.LinkSchemes",
	referenced from "https://rednoise.org/teaching/wdm/index.php?n=PmWiki.LinkSchemes?action=edit",
	failed with error code -1100 (File does not exist.)
30/1/2020, 12:49:44 PM - ERROR: Download of "https://rednoise.org/teaching/wdm/index.php?n=PmWiki.CustomMarkup-Talk",
	referenced from "https://rednoise.org/teaching/wdm/index.php?n=PmWiki.CustomMarkup-Talk?action=edit",
	failed with error code -1100 (File does not exist.)
30/1/2020, 12:49:44 PM - ERROR: Download of "https://rednoise.org/teaching/wdm/index.php?n=PmWiki.CustomMarkup-Talk?action=print",
	referenced from "https://rednoise.org/teaching/wdm/index.php?n=PmWiki.CustomMarkup-Talk?action=edit",
	failed with error code -1100 (File does not exist.)
30/1/2020, 12:49:44 PM - ERROR: Download of "https://rednoise.org/teaching/wdm/index.php?n=Localization",
	referenced from "https://rednoise.org/teaching/wdm/index.php?n=Localization.Localization?action=edit",
	failed with error code -1100 (File does not exist.)
30/1/2020, 12:49:45 PM - ERROR: Download of "https://rednoise.org/teaching/wdm/index.php?n=Localization.Localization?action=print",
	referenced from "https://rednoise.org/teaching/wdm/index.php?n=Localization.Localization?action=edit",
	failed with error code -1100 (File does not exist.)
30/1/2020, 12:49:45 PM - ERROR: Download of "https://rednoise.org/teaching/wdm/index.php?n=PmWikiFr.XLPage",
	referenced from "https://rednoise.org/teaching/wdm/index.php?n=PmWikiFr.XLPage?action=edit",
	failed with error code -1100 (File does not exist.)
30/1/2020, 12:49:45 PM - ERROR: Download of "https://rednoise.org/teaching/wdm/index.php?n=Localization.Localization",
	referenced from "https://rednoise.org/teaching/wdm/index.php?n=Localization.Localization?action=edit",
	failed with error code -1100 (File does not exist.)
30/1/2020, 12:49:45 PM - ERROR: Download of "https://rednoise.org/teaching/wdm/index.php?n=PmWikiFr.XLPage?action=print",
	referenced from "https://rednoise.org/teaching/wdm/index.php?n=PmWikiFr.XLPage?action=edit",
	failed with error code -1100 (File does not exist.)
30/1/2020, 12:49:45 PM - ERROR: Download of "https://rednoise.org/teaching/wdm/index.php?n=PmWikiFr",
	referenced from "https://rednoise.org/teaching/wdm/index.php?n=PmWikiFr.XLPage?action=edit",
	failed with error code -1100 (File does not exist.)
30/1/2020, 12:49:45 PM - ERROR: Download of "https://rednoise.org/teaching/wdm/index.php?n=Profiles.Author",
	referenced from "https://rednoise.org/teaching/wdm/index.php?n=Profiles.Author?action=edit",
	failed with error code -1100 (File does not exist.)
30/1/2020, 12:49:45 PM - ERROR: Download of "https://rednoise.org/teaching/wdm/index.php?n=Profiles.Author?action=print",
	referenced from "https://rednoise.org/teaching/wdm/index.php?n=Profiles.Author?action=edit",
	failed with error code -1100 (File does not exist.)
30/1/2020, 12:49:45 PM - ERROR: Download of "https://rednoise.org/teaching/wdm/index.php?n=PmWiki.FullName?action=print",
	referenced from "https://rednoise.org/teaching/wdm/index.php?n=PmWiki.FullName?action=edit",
	failed with error code -1100 (File does not exist.)
30/1/2020, 12:49:46 PM - ERROR: Download of "https://rednoise.org/teaching/wdm/index.php?n=PmWiki.FullName",
	referenced from "https://rednoise.org/teaching/wdm/index.php?n=PmWiki.FullName?action=edit",
	failed with error code -1100 (File does not exist.)
30/1/2020, 12:49:46 PM - ERROR: Download of "https://rednoise.org/teaching/wdm/index.php?n=PmWiki.MyNewPage",
	referenced from "https://rednoise.org/teaching/wdm/index.php?n=PmWiki.MyNewPage?action=edit",
	failed with error code -1100 (File does not exist.)
30/1/2020, 12:49:47 PM - ERROR: Download of "https://rednoise.org/teaching/wdm/index.php?n=Site.InterMap?action=print",
	referenced from "https://rednoise.org/teaching/wdm/index.php?n=Site.InterMap?action=edit",
	failed with error code -1100 (File does not exist.)
30/1/2020, 12:49:47 PM - ERROR: Download of "https://rednoise.org/teaching/wdm/index.php?n=Site.InterMap",
	referenced from "https://rednoise.org/teaching/wdm/index.php?n=Site.InterMap?action=edit",
	failed with error code -1100 (File does not exist.)
30/1/2020, 12:49:47 PM - ERROR: Download of "https://rednoise.org/teaching/wdm/index.php?n=PmWiki.MyNewPage?action=print",
	referenced from "https://rednoise.org/teaching/wdm/index.php?n=PmWiki.MyNewPage?action=edit",
	failed with error code -1100 (File does not exist.)
30/1/2020, 12:49:47 PM - ERROR: Download of "https://rednoise.org/teaching/wdm/index.php?n=PmWiki.Name",
	referenced from "https://rednoise.org/teaching/wdm/index.php?n=PmWiki.Name?action=edit",
	failed with error code -1100 (File does not exist.)
30/1/2020, 12:49:47 PM - ERROR: Download of "https://rednoise.org/teaching/wdm/index.php?n=PmWiki.Name?action=print",
	referenced from "https://rednoise.org/teaching/wdm/index.php?n=PmWiki.Name?action=edit",
	failed with error code -1100 (File does not exist.)
30/1/2020, 12:49:48 PM - ERROR: Download of "https://rednoise.org/teaching/wdm/index.php?n=PmWiki.SiteAnalyzer?action=print",
	referenced from "https://rednoise.org/teaching/wdm/index.php?n=PmWiki.SiteAnalyzer?action=edit",
	failed with error code -1100 (File does not exist.)
30/1/2020, 12:49:49 PM - ERROR: Download of "https://rednoise.org/teaching/wdm/index.php?n=PmWiki.SiteAnalyzer",
	referenced from "https://rednoise.org/teaching/wdm/index.php?n=PmWiki.SiteAnalyzer?action=edit",
	failed with error code -1100 (File does not exist.)

---------------------
